2021-06-14 16:39:44.897 [main] INFO  c.a.n.client.config.impl.LocalConfigInfoProcessor:212 - LOCAL_SNAPSHOT_PATH:/Users/zard/nacos/config
2021-06-14 16:39:44.953 [main] INFO  com.alibaba.nacos.client.config.impl.Limiter:54 - limitTime:5.0
2021-06-14 16:39:45.009 [main] WARN  c.a.cloud.nacos.client.NacosPropertySourceBuilder:87 - Ignore the empty nacos configuration and get it based on dataId[sisyphus-demo-dubbo-consumer] & group[SISYPHUS]
2021-06-14 16:39:45.018 [main] WARN  c.a.cloud.nacos.client.NacosPropertySourceBuilder:87 - Ignore the empty nacos configuration and get it based on dataId[sisyphus-demo-dubbo-consumer.yml] & group[SISYPHUS]
2021-06-14 16:39:45.025 [main] WARN  c.a.cloud.nacos.client.NacosPropertySourceBuilder:87 - Ignore the empty nacos configuration and get it based on dataId[sisyphus-demo-dubbo-consumer-dev.yml] & group[SISYPHUS]
2021-06-14 16:39:45.029 [main] INFO  o.s.c.b.c.PropertySourceBootstrapConfiguration:112 - Located property source: [BootstrapPropertySource {name='bootstrapProperties-sisyphus-demo-dubbo-consumer-dev.yml,SISYPHUS'}, BootstrapPropertySource {name='bootstrapProperties-sisyphus-demo-dubbo-consumer.yml,SISYPHUS'}, BootstrapPropertySource {name='bootstrapProperties-sisyphus-demo-dubbo-consumer,SISYPHUS'}]
2021-06-14 16:39:50.073 [main] INFO  c.s.d.d.c.SisyphusDemoDubboConsumerApplicationTests:655 - The following profiles are active: dev
2021-06-14 16:39:50.558 [main] WARN  o.springframework.boot.actuate.endpoint.EndpointId:155 - Endpoint ID 'nacos-config' contains invalid characters, please migrate to a valid format.
2021-06-14 16:39:50.562 [main] WARN  o.springframework.boot.actuate.endpoint.EndpointId:155 - Endpoint ID 'nacos-discovery' contains invalid characters, please migrate to a valid format.
2021-06-14 16:39:50.762 [main] WARN  o.springframework.boot.actuate.endpoint.EndpointId:155 - Endpoint ID 'service-registry' contains invalid characters, please migrate to a valid format.
2021-06-14 16:39:50.913 [main] INFO  o.springframework.cloud.context.scope.GenericScope:295 - BeanFactory id=53ed293b-cf1a-3107-b1e9-6e25fb8bb79b
2021-06-14 16:39:51.115 [main] INFO  o.s.c.s.PostProcessorRegistrationDelegate$BeanPostProcessorChecker:335 - Bean 'spring.dubbo-com.alibaba.dubbo.spring.boot.DubboProperties' of type [com.alibaba.dubbo.spring.boot.DubboProperties] is not eligible for getting processed by all BeanPostProcessors (for example: not eligible for auto-proxying)
2021-06-14 16:39:51.116 [main] INFO  o.s.c.s.PostProcessorRegistrationDelegate$BeanPostProcessorChecker:335 - Bean 'com.alibaba.dubbo.spring.boot.DubboConsumerAutoConfiguration' of type [com.alibaba.dubbo.spring.boot.DubboConsumerAutoConfiguration$$EnhancerBySpringCGLIB$$8a3595a2] is not eligible for getting processed by all BeanPostProcessors (for example: not eligible for auto-proxying)
2021-06-14 16:40:01.812 [main] WARN  com.netflix.config.sources.URLConfigurationSource:121 - No URLs will be polled as dynamic configuration sources.
2021-06-14 16:40:01.819 [main] INFO  com.netflix.config.sources.URLConfigurationSource:122 - To enable URLs as dynamic configuration sources, define System property archaius.configurationSource.additionalUrls or make config.properties available on classpath.
2021-06-14 16:40:01.825 [main] WARN  com.netflix.config.sources.URLConfigurationSource:121 - No URLs will be polled as dynamic configuration sources.
2021-06-14 16:40:01.825 [main] INFO  com.netflix.config.sources.URLConfigurationSource:122 - To enable URLs as dynamic configuration sources, define System property archaius.configurationSource.additionalUrls or make config.properties available on classpath.
2021-06-14 16:40:02.203 [main] INFO  o.s.scheduling.concurrent.ThreadPoolTaskExecutor:181 - Initializing ExecutorService 'applicationTaskExecutor'
2021-06-14 16:40:02.556 [main] INFO  o.s.scheduling.concurrent.ThreadPoolTaskScheduler:181 - Initializing ExecutorService 'Nacos-Watch-Task-Scheduler'
2021-06-14 16:40:02.573 [main] INFO  com.alibaba.nacos.client.naming:64 - initializer namespace from System Property :null
2021-06-14 16:40:02.574 [main] INFO  com.alibaba.nacos.client.naming:73 - initializer namespace from System Environment :null
2021-06-14 16:40:02.574 [main] INFO  com.alibaba.nacos.client.naming:83 - initializer namespace from System Property :null
2021-06-14 16:40:03.100 [main] INFO  o.s.b.actuate.endpoint.web.EndpointLinksResolver:58 - Exposing 2 endpoint(s) beneath base path '/actuator'
2021-06-14 16:40:08.252 [main] INFO  com.alibaba.nacos.client.naming:83 - [LISTENER] adding SISYPHUS@@sisyphus-demo-dubbo-consumer with DEFAULT to listener map
2021-06-14 16:40:08.267 [main] INFO  c.s.d.d.c.SisyphusDemoDubboConsumerApplicationTests:61 - Started SisyphusDemoDubboConsumerApplicationTests in 44.315 seconds (JVM running for 45.582)
2021-06-14 16:40:08.297 [main] INFO  com.alibaba.nacos.client.config.impl.ClientWorker:262 - [fixed-localhost_8848] [subscribe] sisyphus-demo-dubbo-consumer-dev.yml+SISYPHUS
2021-06-14 16:40:08.298 [main] INFO  com.alibaba.nacos.client.config.impl.CacheData:93 - [fixed-localhost_8848] [add-listener] ok, tenant=, dataId=sisyphus-demo-dubbo-consumer-dev.yml, group=SISYPHUS, cnt=1
2021-06-14 16:40:08.299 [main] INFO  com.alibaba.nacos.client.config.impl.ClientWorker:262 - [fixed-localhost_8848] [subscribe] sisyphus-demo-dubbo-consumer+SISYPHUS
2021-06-14 16:40:08.299 [main] INFO  com.alibaba.nacos.client.config.impl.CacheData:93 - [fixed-localhost_8848] [add-listener] ok, tenant=, dataId=sisyphus-demo-dubbo-consumer, group=SISYPHUS, cnt=1
2021-06-14 16:40:08.299 [main] INFO  com.alibaba.nacos.client.config.impl.ClientWorker:262 - [fixed-localhost_8848] [subscribe] sisyphus-demo-dubbo-consumer.yml+SISYPHUS
2021-06-14 16:40:08.299 [main] INFO  com.alibaba.nacos.client.config.impl.CacheData:93 - [fixed-localhost_8848] [add-listener] ok, tenant=, dataId=sisyphus-demo-dubbo-consumer.yml, group=SISYPHUS, cnt=1
2021-06-14 16:40:08.778 [com.alibaba.nacos.naming.push.receiver] INFO  com.alibaba.nacos.client.naming:86 - received push data: {"type":"dom","data":"{\"name\":\"SISYPHUS@@sisyphus-demo-dubbo-consumer\",\"clusters\":\"DEFAULT\",\"cacheMillis\":10000,\"hosts\":[],\"lastRefTime\":1623660008799,\"checksum\":\"\",\"allIPs\":false,\"reachProtectionThreshold\":false,\"valid\":true}","lastRefTime":397745810433014} from /192.168.3.81
2021-06-14 16:40:09.582 [SpringContextShutdownHook] INFO  o.s.scheduling.concurrent.ThreadPoolTaskScheduler:218 - Shutting down ExecutorService 'Nacos-Watch-Task-Scheduler'
2021-06-14 16:40:09.584 [SpringContextShutdownHook] INFO  com.alibaba.nacos.client.naming:104 - [LISTENER] removing SISYPHUS@@sisyphus-demo-dubbo-consumer with DEFAULT from listener map
2021-06-14 16:40:09.589 [SpringContextShutdownHook] INFO  com.alibaba.nacos.client.naming:147 - com.alibaba.nacos.client.naming.beat.BeatReactor do shutdown begin
2021-06-14 16:40:09.590 [SpringContextShutdownHook] INFO  com.alibaba.nacos.client.naming:149 - com.alibaba.nacos.client.naming.beat.BeatReactor do shutdown stop
2021-06-14 16:40:09.590 [SpringContextShutdownHook] INFO  com.alibaba.nacos.client.naming:149 - com.alibaba.nacos.client.naming.core.EventDispatcher do shutdown begin
2021-06-14 16:40:09.778 [com.alibaba.nacos.naming.push.receiver] INFO  com.alibaba.nacos.client.naming:86 - received push data: {"type":"dom","data":"{\"name\":\"SISYPHUS@@sisyphus-demo-dubbo-consumer\",\"clusters\":\"DEFAULT\",\"cacheMillis\":10000,\"hosts\":[],\"lastRefTime\":1623660009803,\"checksum\":\"\",\"allIPs\":false,\"reachProtectionThreshold\":false,\"valid\":true}","lastRefTime":397746812431814} from /192.168.3.81
2021-06-14 16:40:11.791 [com.alibaba.nacos.naming.push.receiver] INFO  com.alibaba.nacos.client.naming:86 - received push data: {"type":"dom","data":"{\"name\":\"SISYPHUS@@sisyphus-demo-dubbo-consumer\",\"clusters\":\"DEFAULT\",\"cacheMillis\":10000,\"hosts\":[],\"lastRefTime\":1623660011818,\"checksum\":\"\",\"allIPs\":false,\"reachProtectionThreshold\":false,\"valid\":true}","lastRefTime":397748827739214} from /192.168.3.81
2021-06-14 16:40:12.599 [SpringContextShutdownHook] INFO  com.alibaba.nacos.client.naming:152 - com.alibaba.nacos.client.naming.core.EventDispatcher do shutdown stop
2021-06-14 16:40:12.600 [SpringContextShutdownHook] INFO  com.alibaba.nacos.client.naming:370 - com.alibaba.nacos.client.naming.core.HostReactor do shutdown begin
2021-06-14 16:40:15.282 [SpringContextShutdownHook] INFO  com.alibaba.nacos.client.naming:118 - com.alibaba.nacos.client.naming.core.PushReceiver do shutdown begin
2021-06-14 16:40:15.813 [com.alibaba.nacos.naming.push.receiver] INFO  com.alibaba.nacos.client.naming:86 - received push data: {"type":"dom","data":"{\"name\":\"SISYPHUS@@sisyphus-demo-dubbo-consumer\",\"clusters\":\"DEFAULT\",\"cacheMillis\":10000,\"hosts\":[],\"lastRefTime\":1623660015844,\"checksum\":\"\",\"allIPs\":false,\"reachProtectionThreshold\":false,\"valid\":true}","lastRefTime":397752853504714} from /192.168.3.81
2021-06-14 16:40:18.291 [SpringContextShutdownHook] INFO  com.alibaba.nacos.client.naming:122 - com.alibaba.nacos.client.naming.core.PushReceiver do shutdown stop
2021-06-14 16:40:18.291 [SpringContextShutdownHook] INFO  com.alibaba.nacos.client.naming:132 - com.alibaba.nacos.client.naming.backups.FailoverReactor do shutdown begin
2021-06-14 16:40:18.292 [SpringContextShutdownHook] INFO  com.alibaba.nacos.client.naming:134 - com.alibaba.nacos.client.naming.backups.FailoverReactor do shutdown stop
2021-06-14 16:40:18.292 [SpringContextShutdownHook] INFO  com.alibaba.nacos.client.naming:374 - com.alibaba.nacos.client.naming.core.HostReactor do shutdown stop
2021-06-14 16:40:18.293 [SpringContextShutdownHook] INFO  com.alibaba.nacos.client.naming:715 - com.alibaba.nacos.client.naming.net.NamingProxy do shutdown begin
2021-06-14 16:40:18.293 [SpringContextShutdownHook] WARN  com.alibaba.nacos.client.naming:72 - [NamingHttpClientManager] Start destroying NacosRestTemplate
2021-06-14 16:40:18.293 [com.alibaba.nacos.naming.push.receiver] ERROR com.alibaba.nacos.client.naming:110 - [NA] error while receiving push data
java.net.SocketException: Socket closed
	at java.net.PlainDatagramSocketImpl.receive0(Native Method)
	at java.net.AbstractPlainDatagramSocketImpl.receive(AbstractPlainDatagramSocketImpl.java:149)
	at java.net.DatagramSocket.receive(DatagramSocket.java:812)
	at com.alibaba.nacos.client.naming.core.PushReceiver.run(PushReceiver.java:83)
	at java.util.concurrent.Executors$RunnableAdapter.call(Executors.java:511)
	at java.util.concurrent.FutureTask.run(FutureTask.java:266)
	at java.util.concurrent.ScheduledThreadPoolExecutor$ScheduledFutureTask.access$201(ScheduledThreadPoolExecutor.java:180)
	at java.util.concurrent.ScheduledThreadPoolExecutor$ScheduledFutureTask.run(ScheduledThreadPoolExecutor.java:293)
	at java.util.concurrent.ThreadPoolExecutor.runWorker(ThreadPoolExecutor.java:1149)
	at java.util.concurrent.ThreadPoolExecutor$Worker.run(ThreadPoolExecutor.java:624)
	at java.lang.Thread.run(Thread.java:748)
2021-06-14 16:40:18.293 [SpringContextShutdownHook] WARN  com.alibaba.nacos.client.naming:79 - [NamingHttpClientManager] Destruction of the end
2021-06-14 16:40:18.294 [SpringContextShutdownHook] INFO  com.alibaba.nacos.client.naming:718 - com.alibaba.nacos.client.naming.net.NamingProxy do shutdown stop
2021-06-14 16:40:18.295 [SpringContextShutdownHook] INFO  o.s.scheduling.concurrent.ThreadPoolTaskExecutor:218 - Shutting down ExecutorService 'applicationTaskExecutor'
2021-06-14 16:47:06.827 [main] INFO  c.a.n.client.config.impl.LocalConfigInfoProcessor:212 - LOCAL_SNAPSHOT_PATH:/Users/zard/nacos/config
2021-06-14 16:47:06.862 [main] INFO  com.alibaba.nacos.client.config.impl.Limiter:54 - limitTime:5.0
2021-06-14 16:47:06.895 [main] WARN  c.a.cloud.nacos.client.NacosPropertySourceBuilder:87 - Ignore the empty nacos configuration and get it based on dataId[sisyphus-demo-dubbo-consumer] & group[SISYPHUS]
2021-06-14 16:47:06.901 [main] WARN  c.a.cloud.nacos.client.NacosPropertySourceBuilder:87 - Ignore the empty nacos configuration and get it based on dataId[sisyphus-demo-dubbo-consumer.yml] & group[SISYPHUS]
2021-06-14 16:47:06.906 [main] WARN  c.a.cloud.nacos.client.NacosPropertySourceBuilder:87 - Ignore the empty nacos configuration and get it based on dataId[sisyphus-demo-dubbo-consumer-dev.yml] & group[SISYPHUS]
2021-06-14 16:47:06.907 [main] INFO  o.s.c.b.c.PropertySourceBootstrapConfiguration:112 - Located property source: [BootstrapPropertySource {name='bootstrapProperties-sisyphus-demo-dubbo-consumer-dev.yml,SISYPHUS'}, BootstrapPropertySource {name='bootstrapProperties-sisyphus-demo-dubbo-consumer.yml,SISYPHUS'}, BootstrapPropertySource {name='bootstrapProperties-sisyphus-demo-dubbo-consumer,SISYPHUS'}]
2021-06-14 16:47:11.943 [main] INFO  c.s.d.d.c.SisyphusDemoDubboConsumerApplicationTests:655 - The following profiles are active: dev
2021-06-14 16:47:12.383 [main] WARN  o.springframework.boot.actuate.endpoint.EndpointId:155 - Endpoint ID 'nacos-config' contains invalid characters, please migrate to a valid format.
2021-06-14 16:47:12.387 [main] WARN  o.springframework.boot.actuate.endpoint.EndpointId:155 - Endpoint ID 'nacos-discovery' contains invalid characters, please migrate to a valid format.
2021-06-14 16:47:12.532 [main] WARN  o.springframework.boot.actuate.endpoint.EndpointId:155 - Endpoint ID 'service-registry' contains invalid characters, please migrate to a valid format.
2021-06-14 16:47:12.645 [main] INFO  o.springframework.cloud.context.scope.GenericScope:295 - BeanFactory id=53ed293b-cf1a-3107-b1e9-6e25fb8bb79b
2021-06-14 16:47:12.795 [main] INFO  o.s.c.s.PostProcessorRegistrationDelegate$BeanPostProcessorChecker:335 - Bean 'spring.dubbo-com.alibaba.dubbo.spring.boot.DubboProperties' of type [com.alibaba.dubbo.spring.boot.DubboProperties] is not eligible for getting processed by all BeanPostProcessors (for example: not eligible for auto-proxying)
2021-06-14 16:47:12.797 [main] INFO  o.s.c.s.PostProcessorRegistrationDelegate$BeanPostProcessorChecker:335 - Bean 'com.alibaba.dubbo.spring.boot.DubboConsumerAutoConfiguration' of type [com.alibaba.dubbo.spring.boot.DubboConsumerAutoConfiguration$$EnhancerBySpringCGLIB$$8a3595a2] is not eligible for getting processed by all BeanPostProcessors (for example: not eligible for auto-proxying)
2021-06-14 16:47:23.422 [main] WARN  com.netflix.config.sources.URLConfigurationSource:121 - No URLs will be polled as dynamic configuration sources.
2021-06-14 16:47:23.423 [main] INFO  com.netflix.config.sources.URLConfigurationSource:122 - To enable URLs as dynamic configuration sources, define System property archaius.configurationSource.additionalUrls or make config.properties available on classpath.
2021-06-14 16:47:23.431 [main] WARN  com.netflix.config.sources.URLConfigurationSource:121 - No URLs will be polled as dynamic configuration sources.
2021-06-14 16:47:23.431 [main] INFO  com.netflix.config.sources.URLConfigurationSource:122 - To enable URLs as dynamic configuration sources, define System property archaius.configurationSource.additionalUrls or make config.properties available on classpath.
2021-06-14 16:47:23.878 [main] INFO  o.s.scheduling.concurrent.ThreadPoolTaskExecutor:181 - Initializing ExecutorService 'applicationTaskExecutor'
2021-06-14 16:47:24.291 [main] INFO  o.s.scheduling.concurrent.ThreadPoolTaskScheduler:181 - Initializing ExecutorService 'Nacos-Watch-Task-Scheduler'
2021-06-14 16:47:24.317 [main] INFO  com.alibaba.nacos.client.naming:64 - initializer namespace from System Property :null
2021-06-14 16:47:24.319 [main] INFO  com.alibaba.nacos.client.naming:73 - initializer namespace from System Environment :null
2021-06-14 16:47:24.320 [main] INFO  com.alibaba.nacos.client.naming:83 - initializer namespace from System Property :null
2021-06-14 16:47:24.880 [main] INFO  o.s.b.actuate.endpoint.web.EndpointLinksResolver:58 - Exposing 2 endpoint(s) beneath base path '/actuator'
2021-06-14 16:47:30.036 [main] INFO  com.alibaba.nacos.client.naming:83 - [LISTENER] adding SISYPHUS@@sisyphus-demo-dubbo-consumer with DEFAULT to listener map
2021-06-14 16:47:30.051 [main] INFO  c.s.d.d.c.SisyphusDemoDubboConsumerApplicationTests:61 - Started SisyphusDemoDubboConsumerApplicationTests in 44.299 seconds (JVM running for 46.279)
2021-06-14 16:47:30.081 [main] INFO  com.alibaba.nacos.client.config.impl.ClientWorker:262 - [fixed-localhost_8848] [subscribe] sisyphus-demo-dubbo-consumer-dev.yml+SISYPHUS
2021-06-14 16:47:30.082 [main] INFO  com.alibaba.nacos.client.config.impl.CacheData:93 - [fixed-localhost_8848] [add-listener] ok, tenant=, dataId=sisyphus-demo-dubbo-consumer-dev.yml, group=SISYPHUS, cnt=1
2021-06-14 16:47:30.082 [main] INFO  com.alibaba.nacos.client.config.impl.ClientWorker:262 - [fixed-localhost_8848] [subscribe] sisyphus-demo-dubbo-consumer+SISYPHUS
2021-06-14 16:47:30.083 [main] INFO  com.alibaba.nacos.client.config.impl.CacheData:93 - [fixed-localhost_8848] [add-listener] ok, tenant=, dataId=sisyphus-demo-dubbo-consumer, group=SISYPHUS, cnt=1
2021-06-14 16:47:30.083 [main] INFO  com.alibaba.nacos.client.config.impl.ClientWorker:262 - [fixed-localhost_8848] [subscribe] sisyphus-demo-dubbo-consumer.yml+SISYPHUS
2021-06-14 16:47:30.083 [main] INFO  com.alibaba.nacos.client.config.impl.CacheData:93 - [fixed-localhost_8848] [add-listener] ok, tenant=, dataId=sisyphus-demo-dubbo-consumer.yml, group=SISYPHUS, cnt=1
2021-06-14 16:47:30.598 [com.alibaba.nacos.naming.push.receiver] INFO  com.alibaba.nacos.client.naming:86 - received push data: {"type":"dom","data":"{\"name\":\"SISYPHUS@@sisyphus-demo-dubbo-consumer\",\"clusters\":\"DEFAULT\",\"cacheMillis\":10000,\"hosts\":[],\"lastRefTime\":1623660450613,\"checksum\":\"\",\"allIPs\":false,\"reachProtectionThreshold\":false,\"valid\":true}","lastRefTime":398188135456114} from /192.168.3.81
2021-06-14 16:47:31.298 [SpringContextShutdownHook] INFO  o.s.scheduling.concurrent.ThreadPoolTaskScheduler:218 - Shutting down ExecutorService 'Nacos-Watch-Task-Scheduler'
2021-06-14 16:47:31.299 [SpringContextShutdownHook] INFO  com.alibaba.nacos.client.naming:104 - [LISTENER] removing SISYPHUS@@sisyphus-demo-dubbo-consumer with DEFAULT from listener map
2021-06-14 16:47:31.302 [SpringContextShutdownHook] INFO  com.alibaba.nacos.client.naming:147 - com.alibaba.nacos.client.naming.beat.BeatReactor do shutdown begin
2021-06-14 16:47:31.303 [SpringContextShutdownHook] INFO  com.alibaba.nacos.client.naming:149 - com.alibaba.nacos.client.naming.beat.BeatReactor do shutdown stop
2021-06-14 16:47:31.304 [SpringContextShutdownHook] INFO  com.alibaba.nacos.client.naming:149 - com.alibaba.nacos.client.naming.core.EventDispatcher do shutdown begin
2021-06-14 16:47:31.599 [com.alibaba.nacos.naming.push.receiver] INFO  com.alibaba.nacos.client.naming:86 - received push data: {"type":"dom","data":"{\"name\":\"SISYPHUS@@sisyphus-demo-dubbo-consumer\",\"clusters\":\"DEFAULT\",\"cacheMillis\":10000,\"hosts\":[],\"lastRefTime\":1623660451616,\"checksum\":\"\",\"allIPs\":false,\"reachProtectionThreshold\":false,\"valid\":true}","lastRefTime":398189138298614} from /192.168.3.81
2021-06-14 16:47:33.604 [com.alibaba.nacos.naming.push.receiver] INFO  com.alibaba.nacos.client.naming:86 - received push data: {"type":"dom","data":"{\"name\":\"SISYPHUS@@sisyphus-demo-dubbo-consumer\",\"clusters\":\"DEFAULT\",\"cacheMillis\":10000,\"hosts\":[],\"lastRefTime\":1623660453623,\"checksum\":\"\",\"allIPs\":false,\"reachProtectionThreshold\":false,\"valid\":true}","lastRefTime":398191145416014} from /192.168.3.81
2021-06-14 16:47:34.313 [SpringContextShutdownHook] INFO  com.alibaba.nacos.client.naming:152 - com.alibaba.nacos.client.naming.core.EventDispatcher do shutdown stop
2021-06-14 16:47:34.314 [SpringContextShutdownHook] INFO  com.alibaba.nacos.client.naming:370 - com.alibaba.nacos.client.naming.core.HostReactor do shutdown begin
2021-06-14 16:47:37.062 [SpringContextShutdownHook] INFO  com.alibaba.nacos.client.naming:118 - com.alibaba.nacos.client.naming.core.PushReceiver do shutdown begin
2021-06-14 16:47:37.620 [com.alibaba.nacos.naming.push.receiver] INFO  com.alibaba.nacos.client.naming:86 - received push data: {"type":"dom","data":"{\"name\":\"SISYPHUS@@sisyphus-demo-dubbo-consumer\",\"clusters\":\"DEFAULT\",\"cacheMillis\":10000,\"hosts\":[],\"lastRefTime\":1623660457643,\"checksum\":\"\",\"allIPs\":false,\"reachProtectionThreshold\":false,\"valid\":true}","lastRefTime":398195164986214} from /192.168.3.81
2021-06-14 16:47:40.071 [SpringContextShutdownHook] INFO  com.alibaba.nacos.client.naming:122 - com.alibaba.nacos.client.naming.core.PushReceiver do shutdown stop
2021-06-14 16:47:40.072 [SpringContextShutdownHook] INFO  com.alibaba.nacos.client.naming:132 - com.alibaba.nacos.client.naming.backups.FailoverReactor do shutdown begin
2021-06-14 16:47:40.072 [SpringContextShutdownHook] INFO  com.alibaba.nacos.client.naming:134 - com.alibaba.nacos.client.naming.backups.FailoverReactor do shutdown stop
2021-06-14 16:47:40.072 [SpringContextShutdownHook] INFO  com.alibaba.nacos.client.naming:374 - com.alibaba.nacos.client.naming.core.HostReactor do shutdown stop
2021-06-14 16:47:40.072 [SpringContextShutdownHook] INFO  com.alibaba.nacos.client.naming:715 - com.alibaba.nacos.client.naming.net.NamingProxy do shutdown begin
2021-06-14 16:47:40.073 [SpringContextShutdownHook] WARN  com.alibaba.nacos.client.naming:72 - [NamingHttpClientManager] Start destroying NacosRestTemplate
2021-06-14 16:47:40.073 [com.alibaba.nacos.naming.push.receiver] ERROR com.alibaba.nacos.client.naming:110 - [NA] error while receiving push data
java.net.SocketException: Socket closed
	at java.net.PlainDatagramSocketImpl.receive0(Native Method)
	at java.net.AbstractPlainDatagramSocketImpl.receive(AbstractPlainDatagramSocketImpl.java:149)
	at java.net.DatagramSocket.receive(DatagramSocket.java:812)
	at com.alibaba.nacos.client.naming.core.PushReceiver.run(PushReceiver.java:83)
	at java.util.concurrent.Executors$RunnableAdapter.call(Executors.java:511)
	at java.util.concurrent.FutureTask.run(FutureTask.java:266)
	at java.util.concurrent.ScheduledThreadPoolExecutor$ScheduledFutureTask.access$201(ScheduledThreadPoolExecutor.java:180)
	at java.util.concurrent.ScheduledThreadPoolExecutor$ScheduledFutureTask.run(ScheduledThreadPoolExecutor.java:293)
	at java.util.concurrent.ThreadPoolExecutor.runWorker(ThreadPoolExecutor.java:1149)
	at java.util.concurrent.ThreadPoolExecutor$Worker.run(ThreadPoolExecutor.java:624)
	at java.lang.Thread.run(Thread.java:748)
2021-06-14 16:47:40.073 [SpringContextShutdownHook] WARN  com.alibaba.nacos.client.naming:79 - [NamingHttpClientManager] Destruction of the end
2021-06-14 16:47:40.073 [SpringContextShutdownHook] INFO  com.alibaba.nacos.client.naming:718 - com.alibaba.nacos.client.naming.net.NamingProxy do shutdown stop
2021-06-14 16:47:40.074 [SpringContextShutdownHook] INFO  o.s.scheduling.concurrent.ThreadPoolTaskExecutor:218 - Shutting down ExecutorService 'applicationTaskExecutor'
2021-06-14 16:49:45.044 [main] INFO  c.a.n.client.config.impl.LocalConfigInfoProcessor:212 - LOCAL_SNAPSHOT_PATH:/Users/zard/nacos/config
2021-06-14 16:49:45.077 [main] INFO  com.alibaba.nacos.client.config.impl.Limiter:54 - limitTime:5.0
2021-06-14 16:49:45.107 [main] WARN  c.a.cloud.nacos.client.NacosPropertySourceBuilder:87 - Ignore the empty nacos configuration and get it based on dataId[sisyphus-demo-dubbo-consumer] & group[SISYPHUS]
2021-06-14 16:49:45.116 [main] WARN  c.a.cloud.nacos.client.NacosPropertySourceBuilder:87 - Ignore the empty nacos configuration and get it based on dataId[sisyphus-demo-dubbo-consumer.yml] & group[SISYPHUS]
2021-06-14 16:49:45.122 [main] WARN  c.a.cloud.nacos.client.NacosPropertySourceBuilder:87 - Ignore the empty nacos configuration and get it based on dataId[sisyphus-demo-dubbo-consumer-dev.yml] & group[SISYPHUS]
2021-06-14 16:49:45.123 [main] INFO  o.s.c.b.c.PropertySourceBootstrapConfiguration:112 - Located property source: [BootstrapPropertySource {name='bootstrapProperties-sisyphus-demo-dubbo-consumer-dev.yml,SISYPHUS'}, BootstrapPropertySource {name='bootstrapProperties-sisyphus-demo-dubbo-consumer.yml,SISYPHUS'}, BootstrapPropertySource {name='bootstrapProperties-sisyphus-demo-dubbo-consumer,SISYPHUS'}]
2021-06-14 16:49:50.157 [main] INFO  c.s.d.d.c.SisyphusDemoDubboConsumerApplicationTests:655 - The following profiles are active: dev
2021-06-14 16:49:50.563 [main] WARN  o.springframework.boot.actuate.endpoint.EndpointId:155 - Endpoint ID 'nacos-config' contains invalid characters, please migrate to a valid format.
2021-06-14 16:49:50.568 [main] WARN  o.springframework.boot.actuate.endpoint.EndpointId:155 - Endpoint ID 'nacos-discovery' contains invalid characters, please migrate to a valid format.
2021-06-14 16:49:50.708 [main] WARN  o.springframework.boot.actuate.endpoint.EndpointId:155 - Endpoint ID 'service-registry' contains invalid characters, please migrate to a valid format.
2021-06-14 16:49:50.815 [main] INFO  o.springframework.cloud.context.scope.GenericScope:295 - BeanFactory id=53ed293b-cf1a-3107-b1e9-6e25fb8bb79b
2021-06-14 16:49:50.960 [main] INFO  o.s.c.s.PostProcessorRegistrationDelegate$BeanPostProcessorChecker:335 - Bean 'spring.dubbo-com.alibaba.dubbo.spring.boot.DubboProperties' of type [com.alibaba.dubbo.spring.boot.DubboProperties] is not eligible for getting processed by all BeanPostProcessors (for example: not eligible for auto-proxying)
2021-06-14 16:49:50.961 [main] INFO  o.s.c.s.PostProcessorRegistrationDelegate$BeanPostProcessorChecker:335 - Bean 'com.alibaba.dubbo.spring.boot.DubboConsumerAutoConfiguration' of type [com.alibaba.dubbo.spring.boot.DubboConsumerAutoConfiguration$$EnhancerBySpringCGLIB$$8a3595a2] is not eligible for getting processed by all BeanPostProcessors (for example: not eligible for auto-proxying)
2021-06-14 16:50:01.311 [ZkClient-EventThread-373-127.0.0.1:2181] INFO  org.I0Itec.zkclient.ZkEventThread:65 - Starting ZkClient event thread.
2021-06-14 16:50:06.319 [DubboZkclientConnector] INFO  org.apache.zookeeper.ZooKeeper:100 - Client environment:zookeeper.version=3.4.8--1, built on 02/06/2016 03:18 GMT
2021-06-14 16:50:06.319 [DubboZkclientConnector] INFO  org.apache.zookeeper.ZooKeeper:100 - Client environment:host.name=192.168.3.81
2021-06-14 16:50:06.320 [DubboZkclientConnector] INFO  org.apache.zookeeper.ZooKeeper:100 - Client environment:java.version=1.8.0_281
2021-06-14 16:50:06.320 [DubboZkclientConnector] INFO  org.apache.zookeeper.ZooKeeper:100 - Client environment:java.vendor=Oracle Corporation
2021-06-14 16:50:06.320 [DubboZkclientConnector] INFO  org.apache.zookeeper.ZooKeeper:100 - Client environment:java.home=/Library/Java/JavaVirtualMachines/jdk1.8.0_281.jdk/Contents/Home/jre
2021-06-14 16:50:06.320 [DubboZkclientConnector] INFO  org.apache.zookeeper.ZooKeeper:100 - Client environment:java.class.path=/Applications/IntelliJ IDEA.app/Contents/lib/idea_rt.jar:/Users/zard/.m2/repository/org/junit/platform/junit-platform-launcher/1.6.2/junit-platform-launcher-1.6.2.jar:/Applications/IntelliJ IDEA.app/Contents/plugins/junit/lib/junit5-rt.jar:/Applications/IntelliJ IDEA.app/Contents/plugins/junit/lib/junit-rt.jar:/Library/Java/JavaVirtualMachines/jdk1.8.0_281.jdk/Contents/Home/jre/lib/charsets.jar:/Library/Java/JavaVirtualMachines/jdk1.8.0_281.jdk/Contents/Home/jre/lib/deploy.jar:/Library/Java/JavaVirtualMachines/jdk1.8.0_281.jdk/Contents/Home/jre/lib/ext/cldrdata.jar:/Library/Java/JavaVirtualMachines/jdk1.8.0_281.jdk/Contents/Home/jre/lib/ext/dnsns.jar:/Library/Java/JavaVirtualMachines/jdk1.8.0_281.jdk/Contents/Home/jre/lib/ext/jaccess.jar:/Library/Java/JavaVirtualMachines/jdk1.8.0_281.jdk/Contents/Home/jre/lib/ext/jfxrt.jar:/Library/Java/JavaVirtualMachines/jdk1.8.0_281.jdk/Contents/Home/jre/lib/ext/localedata.jar:/Library/Java/JavaVirtualMachines/jdk1.8.0_281.jdk/Contents/Home/jre/lib/ext/nashorn.jar:/Library/Java/JavaVirtualMachines/jdk1.8.0_281.jdk/Contents/Home/jre/lib/ext/sunec.jar:/Library/Java/JavaVirtualMachines/jdk1.8.0_281.jdk/Contents/Home/jre/lib/ext/sunjce_provider.jar:/Library/Java/JavaVirtualMachines/jdk1.8.0_281.jdk/Contents/Home/jre/lib/ext/sunpkcs11.jar:/Library/Java/JavaVirtualMachines/jdk1.8.0_281.jdk/Contents/Home/jre/lib/ext/zipfs.jar:/Library/Java/JavaVirtualMachines/jdk1.8.0_281.jdk/Contents/Home/jre/lib/javaws.jar:/Library/Java/JavaVirtualMachines/jdk1.8.0_281.jdk/Contents/Home/jre/lib/jce.jar:/Library/Java/JavaVirtualMachines/jdk1.8.0_281.jdk/Contents/Home/jre/lib/jfr.jar:/Library/Java/JavaVirtualMachines/jdk1.8.0_281.jdk/Contents/Home/jre/lib/jfxswt.jar:/Library/Java/JavaVirtualMachines/jdk1.8.0_281.jdk/Contents/Home/jre/lib/jsse.jar:/Library/Java/JavaVirtualMachines/jdk1.8.0_281.jdk/Contents/Home/jre/lib/management-agent.jar:/Library/Java/JavaVirtualMachines/jdk1.8.0_281.jdk/Contents/Home/jre/lib/plugin.jar:/Library/Java/JavaVirtualMachines/jdk1.8.0_281.jdk/Contents/Home/jre/lib/resources.jar:/Library/Java/JavaVirtualMachines/jdk1.8.0_281.jdk/Contents/Home/jre/lib/rt.jar:/Library/Java/JavaVirtualMachines/jdk1.8.0_281.jdk/Contents/Home/lib/ant-javafx.jar:/Library/Java/JavaVirtualMachines/jdk1.8.0_281.jdk/Contents/Home/lib/dt.jar:/Library/Java/JavaVirtualMachines/jdk1.8.0_281.jdk/Contents/Home/lib/javafx-mx.jar:/Library/Java/JavaVirtualMachines/jdk1.8.0_281.jdk/Contents/Home/lib/jconsole.jar:/Library/Java/JavaVirtualMachines/jdk1.8.0_281.jdk/Contents/Home/lib/packager.jar:/Library/Java/JavaVirtualMachines/jdk1.8.0_281.jdk/Contents/Home/lib/sa-jdi.jar:/Library/Java/JavaVirtualMachines/jdk1.8.0_281.jdk/Contents/Home/lib/tools.jar:/Users/zard/Java/sisyphus-master/sisyphus-demo/sisyphus-demo-dubbo/sisyphus-demo-dubbo-consumer/target/test-classes:/Users/zard/Java/sisyphus-master/sisyphus-demo/sisyphus-demo-dubbo/sisyphus-demo-dubbo-consumer/target/classes:/Users/zard/.m2/repository/com/alibaba/cloud/spring-cloud-starter-alibaba-nacos-discovery/2.2.3.RELEASE/spring-cloud-starter-alibaba-nacos-discovery-2.2.3.RELEASE.jar:/Users/zard/.m2/repository/com/alibaba/nacos/nacos-client/1.3.3/nacos-client-1.3.3.jar:/Users/zard/.m2/repository/com/alibaba/nacos/nacos-common/1.3.3/nacos-common-1.3.3.jar:/Users/zard/.m2/repository/commons-io/commons-io/2.2/commons-io-2.2.jar:/Users/zard/.m2/repository/org/apache/httpcomponents/httpasyncclient/4.1.4/httpasyncclient-4.1.4.jar:/Users/zard/.m2/repository/org/apache/httpcomponents/httpcore/4.4.13/httpcore-4.4.13.jar:/Users/zard/.m2/repository/org/apache/httpcomponents/httpcore-nio/4.4.13/httpcore-nio-4.4.13.jar:/Users/zard/.m2/repository/com/alibaba/nacos/nacos-api/1.3.3/nacos-api-1.3.3.jar:/Users/zard/.m2/repository/com/google/guava/guava/29.0-jre/guava-29.0-jre.jar:/Users/zard/.m2/repository/com/google/guava/failureaccess/1.0.1/failureaccess-1.0.1.jar:/Users/zard/.m2/repository/com/google/guava/listenablefuture/9999.0-empty-to-avoid-conflict-with-guava/listenablefuture-9999.0-empty-to-avoid-conflict-with-guava.jar:/Users/zard/.m2/repository/com/google/code/findbugs/jsr305/3.0.2/jsr305-3.0.2.jar:/Users/zard/.m2/repository/org/checkerframework/checker-qual/2.11.1/checker-qual-2.11.1.jar:/Users/zard/.m2/repository/com/google/errorprone/error_prone_annotations/2.3.4/error_prone_annotations-2.3.4.jar:/Users/zard/.m2/repository/com/google/j2objc/j2objc-annotations/1.3/j2objc-annotations-1.3.jar:/Users/zard/.m2/repository/commons-codec/commons-codec/1.14/commons-codec-1.14.jar:/Users/zard/.m2/repository/io/prometheus/simpleclient/0.5.0/simpleclient-0.5.0.jar:/Users/zard/.m2/repository/org/yaml/snakeyaml/1.26/snakeyaml-1.26.jar:/Users/zard/.m2/repository/com/alibaba/spring/spring-context-support/1.0.10/spring-context-support-1.0.10.jar:/Users/zard/.m2/repository/org/springframework/cloud/spring-cloud-commons/2.2.5.RELEASE/spring-cloud-commons-2.2.5.RELEASE.jar:/Users/zard/.m2/repository/org/springframework/security/spring-security-crypto/5.3.3.RELEASE/spring-security-crypto-5.3.3.RELEASE.jar:/Users/zard/.m2/repository/org/springframework/cloud/spring-cloud-context/2.2.5.RELEASE/spring-cloud-context-2.2.5.RELEASE.jar:/Users/zard/.m2/repository/org/springframework/cloud/spring-cloud-starter-netflix-ribbon/2.2.5.RELEASE/spring-cloud-starter-netflix-ribbon-2.2.5.RELEASE.jar:/Users/zard/.m2/repository/org/springframework/cloud/spring-cloud-starter/2.2.5.RELEASE/spring-cloud-starter-2.2.5.RELEASE.jar:/Users/zard/.m2/repository/org/springframework/security/spring-security-rsa/1.0.9.RELEASE/spring-security-rsa-1.0.9.RELEASE.jar:/Users/zard/.m2/repository/org/bouncycastle/bcpkix-jdk15on/1.64/bcpkix-jdk15on-1.64.jar:/Users/zard/.m2/repository/org/bouncycastle/bcprov-jdk15on/1.64/bcprov-jdk15on-1.64.jar:/Users/zard/.m2/repository/org/springframework/cloud/spring-cloud-netflix-ribbon/2.2.5.RELEASE/spring-cloud-netflix-ribbon-2.2.5.RELEASE.jar:/Users/zard/.m2/repository/org/springframework/cloud/spring-cloud-netflix-archaius/2.2.5.RELEASE/spring-cloud-netflix-archaius-2.2.5.RELEASE.jar:/Users/zard/.m2/repository/org/springframework/cloud/spring-cloud-starter-netflix-archaius/2.2.5.RELEASE/spring-cloud-starter-netflix-archaius-2.2.5.RELEASE.jar:/Users/zard/.m2/repository/com/netflix/archaius/archaius-core/0.7.6/archaius-core-0.7.6.jar:/Users/zard/.m2/repository/commons-configuration/commons-configuration/1.8/commons-configuration-1.8.jar:/Users/zard/.m2/repository/com/netflix/ribbon/ribbon/2.3.0/ribbon-2.3.0.jar:/Users/zard/.m2/repository/com/netflix/ribbon/ribbon-transport/2.3.0/ribbon-transport-2.3.0.jar:/Users/zard/.m2/repository/io/reactivex/rxnetty-contexts/0.4.9/rxnetty-contexts-0.4.9.jar:/Users/zard/.m2/repository/io/reactivex/rxnetty-servo/0.4.9/rxnetty-servo-0.4.9.jar:/Users/zard/.m2/repository/com/netflix/hystrix/hystrix-core/1.5.18/hystrix-core-1.5.18.jar:/Users/zard/.m2/repository/javax/inject/javax.inject/1/javax.inject-1.jar:/Users/zard/.m2/repository/io/reactivex/rxnetty/0.4.9/rxnetty-0.4.9.jar:/Users/zard/.m2/repository/com/netflix/ribbon/ribbon-core/2.3.0/ribbon-core-2.3.0.jar:/Users/zard/.m2/repository/commons-lang/commons-lang/2.6/commons-lang-2.6.jar:/Users/zard/.m2/repository/com/netflix/ribbon/ribbon-httpclient/2.3.0/ribbon-httpclient-2.3.0.jar:/Users/zard/.m2/repository/commons-collections/commons-collections/3.2.2/commons-collections-3.2.2.jar:/Users/zard/.m2/repository/org/apache/httpcomponents/httpclient/4.5.12/httpclient-4.5.12.jar:/Users/zard/.m2/repository/com/sun/jersey/jersey-client/1.19.1/jersey-client-1.19.1.jar:/Users/zard/.m2/repository/com/sun/jersey/jersey-core/1.19.1/jersey-core-1.19.1.jar:/Users/zard/.m2/repository/javax/ws/rs/jsr311-api/1.1.1/jsr311-api-1.1.1.jar:/Users/zard/.m2/repository/com/sun/jersey/contribs/jersey-apache-client4/1.19.1/jersey-apache-client4-1.19.1.jar:/Users/zard/.m2/repository/com/netflix/servo/servo-core/0.12.21/servo-core-0.12.21.jar:/Users/zard/.m2/repository/com/netflix/netflix-commons/netflix-commons-util/0.3.0/netflix-commons-util-0.3.0.jar:/Users/zard/.m2/repository/com/netflix/ribbon/ribbon-loadbalancer/2.3.0/ribbon-loadbalancer-2.3.0.jar:/Users/zard/.m2/repository/com/netflix/netflix-commons/netflix-statistics/0.1.1/netflix-statistics-0.1.1.jar:/Users/zard/.m2/repository/io/reactivex/rxjava/1.3.8/rxjava-1.3.8.jar:/Users/zard/.m2/repository/com/alibaba/cloud/spring-cloud-starter-alibaba-nacos-config/2.2.3.RELEASE/spring-cloud-starter-alibaba-nacos-config-2.2.3.RELEASE.jar:/Users/zard/.m2/repository/org/springframework/boot/spring-boot-starter-web/2.3.1.RELEASE/spring-boot-starter-web-2.3.1.RELEASE.jar:/Users/zard/.m2/repository/org/springframework/boot/spring-boot-starter/2.3.1.RELEASE/spring-boot-starter-2.3.1.RELEASE.jar:/Users/zard/.m2/repository/org/springframework/boot/spring-boot/2.3.1.RELEASE/spring-boot-2.3.1.RELEASE.jar:/Users/zard/.m2/repository/org/springframework/boot/spring-boot-autoconfigure/2.3.1.RELEASE/spring-boot-autoconfigure-2.3.1.RELEASE.jar:/Users/zard/.m2/repository/org/springframework/boot/spring-boot-starter-logging/2.3.1.RELEASE/spring-boot-starter-logging-2.3.1.RELEASE.jar:/Users/zard/.m2/repository/ch/qos/logback/logback-classic/1.2.3/logback-classic-1.2.3.jar:/Users/zard/.m2/repository/ch/qos/logback/logback-core/1.2.3/logback-core-1.2.3.jar:/Users/zard/.m2/repository/org/apache/logging/log4j/log4j-to-slf4j/2.13.3/log4j-to-slf4j-2.13.3.jar:/Users/zard/.m2/repository/org/apache/logging/log4j/log4j-api/2.13.3/log4j-api-2.13.3.jar:/Users/zard/.m2/repository/org/slf4j/jul-to-slf4j/1.7.30/jul-to-slf4j-1.7.30.jar:/Users/zard/.m2/repository/jakarta/annotation/jakarta.annotation-api/1.3.5/jakarta.annotation-api-1.3.5.jar:/Users/zard/.m2/repository/org/springframework/boot/spring-boot-starter-json/2.3.1.RELEASE/spring-boot-starter-json-2.3.1.RELEASE.jar:/Users/zard/.m2/repository/com/fasterxml/jackson/datatype/jackson-datatype-jdk8/2.11.0/jackson-datatype-jdk8-2.11.0.jar:/Users/zard/.m2/repository/com/fasterxml/jackson/datatype/jackson-datatype-jsr310/2.11.0/jackson-datatype-jsr310-2.11.0.jar:/Users/zard/.m2/repository/com/fasterxml/jackson/module/jackson-module-parameter-names/2.11.0/jackson-module-parameter-names-2.11.0.jar:/Users/zard/.m2/repository/org/springframework/boot/spring-boot-starter-tomcat/2.3.1.RELEASE/spring-boot-starter-tomcat-2.3.1.RELEASE.jar:/Users/zard/.m2/repository/org/apache/tomcat/embed/tomcat-embed-core/9.0.36/tomcat-embed-core-9.0.36.jar:/Users/zard/.m2/repository/org/glassfish/jakarta.el/3.0.3/jakarta.el-3.0.3.jar:/Users/zard/.m2/repository/org/apache/tomcat/embed/tomcat-embed-websocket/9.0.36/tomcat-embed-websocket-9.0.36.jar:/Users/zard/.m2/repository/org/springframework/spring-web/5.2.7.RELEASE/spring-web-5.2.7.RELEASE.jar:/Users/zard/.m2/repository/org/springframework/spring-beans/5.2.7.RELEASE/spring-beans-5.2.7.RELEASE.jar:/Users/zard/.m2/repository/org/springframework/spring-webmvc/5.2.7.RELEASE/spring-webmvc-5.2.7.RELEASE.jar:/Users/zard/.m2/repository/org/springframework/spring-aop/5.2.7.RELEASE/spring-aop-5.2.7.RELEASE.jar:/Users/zard/.m2/repository/org/springframework/spring-context/5.2.7.RELEASE/spring-context-5.2.7.RELEASE.jar:/Users/zard/.m2/repository/org/springframework/spring-expression/5.2.7.RELEASE/spring-expression-5.2.7.RELEASE.jar:/Users/zard/.m2/repository/org/springframework/boot/spring-boot-starter-test/2.3.1.RELEASE/spring-boot-starter-test-2.3.1.RELEASE.jar:/Users/zard/.m2/repository/org/springframework/boot/spring-boot-test/2.3.1.RELEASE/spring-boot-test-2.3.1.RELEASE.jar:/Users/zard/.m2/repository/org/springframework/boot/spring-boot-test-autoconfigure/2.3.1.RELEASE/spring-boot-test-autoconfigure-2.3.1.RELEASE.jar:/Users/zard/.m2/repository/com/jayway/jsonpath/json-path/2.4.0/json-path-2.4.0.jar:/Users/zard/.m2/repository/net/minidev/json-smart/2.3/json-smart-2.3.jar:/Users/zard/.m2/repository/net/minidev/accessors-smart/1.2/accessors-smart-1.2.jar:/Users/zard/.m2/repository/org/ow2/asm/asm/5.0.4/asm-5.0.4.jar:/Users/zard/.m2/repository/jakarta/xml/bind/jakarta.xml.bind-api/2.3.3/jakarta.xml.bind-api-2.3.3.jar:/Users/zard/.m2/repository/jakarta/activation/jakarta.activation-api/1.2.2/jakarta.activation-api-1.2.2.jar:/Users/zard/.m2/repository/org/assertj/assertj-core/3.16.1/assertj-core-3.16.1.jar:/Users/zard/.m2/repository/org/hamcrest/hamcrest/2.2/hamcrest-2.2.jar:/Users/zard/.m2/repository/org/junit/jupiter/junit-jupiter/5.6.2/junit-jupiter-5.6.2.jar:/Users/zard/.m2/repository/org/junit/jupiter/junit-jupiter-api/5.6.2/junit-jupiter-api-5.6.2.jar:/Users/zard/.m2/repository/org/opentest4j/opentest4j/1.2.0/opentest4j-1.2.0.jar:/Users/zard/.m2/repository/org/junit/platform/junit-platform-commons/1.6.2/junit-platform-commons-1.6.2.jar:/Users/zard/.m2/repository/org/junit/jupiter/junit-jupiter-params/5.6.2/junit-jupiter-params-5.6.2.jar:/Users/zard/.m2/repository/org/junit/jupiter/junit-jupiter-engine/5.6.2/junit-jupiter-engine-5.6.2.jar:/Users/zard/.m2/repository/org/junit/vintage/junit-vintage-engine/5.6.2/junit-vintage-engine-5.6.2.jar:/Users/zard/.m2/repository/org/apiguardian/apiguardian-api/1.1.0/apiguardian-api-1.1.0.jar:/Users/zard/.m2/repository/org/junit/platform/junit-platform-engine/1.6.2/junit-platform-engine-1.6.2.jar:/Users/zard/.m2/repository/junit/junit/4.13/junit-4.13.jar:/Users/zard/.m2/repository/org/mockito/mockito-core/3.3.3/mockito-core-3.3.3.jar:/Users/zard/.m2/repository/net/bytebuddy/byte-buddy/1.10.11/byte-buddy-1.10.11.jar:/Users/zard/.m2/repository/net/bytebuddy/byte-buddy-agent/1.10.11/byte-buddy-agent-1.10.11.jar:/Users/zard/.m2/repository/org/objenesis/objenesis/2.6/objenesis-2.6.jar:/Users/zard/.m2/repository/org/mockito/mockito-junit-jupiter/3.3.3/mockito-junit-jupiter-3.3.3.jar:/Users/zard/.m2/repository/org/skyscreamer/jsonassert/1.5.0/jsonassert-1.5.0.jar:/Users/zard/.m2/repository/com/vaadin/external/google/android-json/0.0.20131108.vaadin1/android-json-0.0.20131108.vaadin1.jar:/Users/zard/.m2/repository/org/springframework/spring-core/5.2.7.RELEASE/spring-core-5.2.7.RELEASE.jar:/Users/zard/.m2/repository/org/springframework/spring-jcl/5.2.7.RELEASE/spring-jcl-5.2.7.RELEASE.jar:/Users/zard/.m2/repository/org/springframework/spring-test/5.2.7.RELEASE/spring-test-5.2.7.RELEASE.jar:/Users/zard/.m2/repository/org/xmlunit/xmlunit-core/2.7.0/xmlunit-core-2.7.0.jar:/Users/zard/.m2/repository/com/alibaba/spring/boot/dubbo-spring-boot-starter/2.0.0/dubbo-spring-boot-starter-2.0.0.jar:/Users/zard/.m2/repository/com/alibaba/dubbo/2.6.0/dubbo-2.6.0.jar:/Users/zard/.m2/repository/org/javassist/javassist/3.20.0-GA/javassist-3.20.0-GA.jar:/Users/zard/.m2/repository/org/jboss/netty/netty/3.2.5.Final/netty-3.2.5.Final.jar:/Users/zard/.m2/repository/org/springframework/boot/spring-boot-starter-actuator/2.3.1.RELEASE/spring-boot-starter-actuator-2.3.1.RELEASE.jar:/Users/zard/.m2/repository/org/springframework/boot/spring-boot-actuator-autoconfigure/2.3.1.RELEASE/spring-boot-actuator-autoconfigure-2.3.1.RELEASE.jar:/Users/zard/.m2/repository/org/springframework/boot/spring-boot-actuator/2.3.1.RELEASE/spring-boot-actuator-2.3.1.RELEASE.jar:/Users/zard/.m2/repository/io/micrometer/micrometer-core/1.5.1/micrometer-core-1.5.1.jar:/Users/zard/.m2/repository/org/hdrhistogram/HdrHistogram/2.1.12/HdrHistogram-2.1.12.jar:/Users/zard/.m2/repository/org/latencyutils/LatencyUtils/2.0.3/LatencyUtils-2.0.3.jar:/Users/zard/Java/sisyphus-master/sisyphus-demo/sisyphus-demo-dubbo/sisyphus-demo-dubbo-provider/target/classes:/Users/zard/.m2/repository/com/101tec/zkclient/0.10/zkclient-0.10.jar:/Users/zard/.m2/repository/org/slf4j/slf4j-api/1.7.30/slf4j-api-1.7.30.jar:/Users/zard/.m2/repository/org/apache/zookeeper/zookeeper/3.4.8/zookeeper-3.4.8.jar:/Users/zard/.m2/repository/org/slf4j/slf4j-log4j12/1.7.30/slf4j-log4j12-1.7.30.jar:/Users/zard/.m2/repository/log4j/log4j/1.2.16/log4j-1.2.16.jar:/Users/zard/.m2/repository/jline/jline/0.9.94/jline-0.9.94.jar:/Users/zard/.m2/repository/io/netty/netty/3.7.0.Final/netty-3.7.0.Final.jar:/Users/zard/.m2/repository/org/projectlombok/lombok/1.18.12/lombok-1.18.12.jar:/Users/zard/.m2/repository/org/apache/commons/commons-lang3/3.10/commons-lang3-3.10.jar:/Users/zard/.m2/repository/com/baomidou/mybatis-plus-core/3.4.3/mybatis-plus-core-3.4.3.jar:/Users/zard/.m2/repository/com/baomidou/mybatis-plus-annotation/3.4.3/mybatis-plus-annotation-3.4.3.jar:/Users/zard/.m2/repository/com/github/jsqlparser/jsqlparser/4.0/jsqlparser-4.0.jar:/Users/zard/.m2/repository/org/mybatis/mybatis/3.5.7/mybatis-3.5.7.jar:/Users/zard/.m2/repository/com/fasterxml/jackson/core/jackson-databind/2.11.0/jackson-databind-2.11.0.jar:/Users/zard/.m2/repository/com/fasterxml/jackson/core/jackson-annotations/2.11.0/jackson-annotations-2.11.0.jar:/Users/zard/.m2/repository/com/fasterxml/jackson/core/jackson-core/2.11.0/jackson-core-2.11.0.jar:/Users/zard/.m2/repository/com/alibaba/fastjson/1.2.38/fastjson-1.2.38.jar:/Applications/IntelliJ IDEA.app/Contents/lib/idea_rt.jar
2021-06-14 16:50:06.322 [DubboZkclientConnector] INFO  org.apache.zookeeper.ZooKeeper:100 - Client environment:java.library.path=/Users/zard/Library/Java/Extensions:/Library/Java/Extensions:/Network/Library/Java/Extensions:/System/Library/Java/Extensions:/usr/lib/java:.
2021-06-14 16:50:06.322 [DubboZkclientConnector] INFO  org.apache.zookeeper.ZooKeeper:100 - Client environment:java.io.tmpdir=/var/folders/09/b6ztj2vj6ml7bqk34vwj81mh0000gn/T/
2021-06-14 16:50:06.322 [DubboZkclientConnector] INFO  org.apache.zookeeper.ZooKeeper:100 - Client environment:java.compiler=<NA>
2021-06-14 16:50:06.322 [DubboZkclientConnector] INFO  org.apache.zookeeper.ZooKeeper:100 - Client environment:os.name=Mac OS X
2021-06-14 16:50:06.322 [DubboZkclientConnector] INFO  org.apache.zookeeper.ZooKeeper:100 - Client environment:os.arch=x86_64
2021-06-14 16:50:06.323 [DubboZkclientConnector] INFO  org.apache.zookeeper.ZooKeeper:100 - Client environment:os.version=10.16
2021-06-14 16:50:06.323 [DubboZkclientConnector] INFO  org.apache.zookeeper.ZooKeeper:100 - Client environment:user.name=zard
2021-06-14 16:50:06.323 [DubboZkclientConnector] INFO  org.apache.zookeeper.ZooKeeper:100 - Client environment:user.home=/Users/zard
2021-06-14 16:50:06.323 [DubboZkclientConnector] INFO  org.apache.zookeeper.ZooKeeper:100 - Client environment:user.dir=/Users/zard/Java/sisyphus-master/sisyphus-demo/sisyphus-demo-dubbo/sisyphus-demo-dubbo-consumer
2021-06-14 16:50:06.324 [DubboZkclientConnector] INFO  org.apache.zookeeper.ZooKeeper:438 - Initiating client connection, connectString=127.0.0.1:2181 sessionTimeout=30000 watcher=org.I0Itec.zkclient.ZkClient@715aa99
2021-06-14 16:50:06.343 [DubboZkclientConnector] INFO  org.I0Itec.zkclient.ZkClient:936 - Waiting for keeper state SyncConnected
2021-06-14 16:50:06.348 [DubboZkclientConnector-SendThread(127.0.0.1:2181)] INFO  org.apache.zookeeper.ClientCnxn:1032 - Opening socket connection to server 127.0.0.1/127.0.0.1:2181. Will not attempt to authenticate using SASL (unknown error)
2021-06-14 16:50:06.365 [DubboZkclientConnector-SendThread(127.0.0.1:2181)] INFO  org.apache.zookeeper.ClientCnxn:876 - Socket connection established to 127.0.0.1/127.0.0.1:2181, initiating session
2021-06-14 16:50:06.378 [DubboZkclientConnector-SendThread(127.0.0.1:2181)] INFO  org.apache.zookeeper.ClientCnxn:1299 - Session establishment complete on server 127.0.0.1/127.0.0.1:2181, sessionid = 0x10007e28baf0001, negotiated timeout = 30000
2021-06-14 16:50:06.380 [DubboZkclientConnector-EventThread] INFO  org.I0Itec.zkclient.ZkClient:713 - zookeeper state changed (SyncConnected)
2021-06-14 16:50:06.849 [main] WARN  com.netflix.config.sources.URLConfigurationSource:121 - No URLs will be polled as dynamic configuration sources.
2021-06-14 16:50:06.850 [main] INFO  com.netflix.config.sources.URLConfigurationSource:122 - To enable URLs as dynamic configuration sources, define System property archaius.configurationSource.additionalUrls or make config.properties available on classpath.
2021-06-14 16:50:06.857 [main] WARN  com.netflix.config.sources.URLConfigurationSource:121 - No URLs will be polled as dynamic configuration sources.
2021-06-14 16:50:06.858 [main] INFO  com.netflix.config.sources.URLConfigurationSource:122 - To enable URLs as dynamic configuration sources, define System property archaius.configurationSource.additionalUrls or make config.properties available on classpath.
2021-06-14 16:50:07.348 [main] INFO  o.s.scheduling.concurrent.ThreadPoolTaskExecutor:181 - Initializing ExecutorService 'applicationTaskExecutor'
2021-06-14 16:50:07.795 [main] INFO  o.s.scheduling.concurrent.ThreadPoolTaskScheduler:181 - Initializing ExecutorService 'Nacos-Watch-Task-Scheduler'
2021-06-14 16:50:07.817 [main] INFO  com.alibaba.nacos.client.naming:64 - initializer namespace from System Property :null
2021-06-14 16:50:07.821 [main] INFO  com.alibaba.nacos.client.naming:73 - initializer namespace from System Environment :null
2021-06-14 16:50:07.824 [main] INFO  com.alibaba.nacos.client.naming:83 - initializer namespace from System Property :null
2021-06-14 16:50:08.381 [main] INFO  o.s.b.actuate.endpoint.web.EndpointLinksResolver:58 - Exposing 2 endpoint(s) beneath base path '/actuator'
2021-06-14 16:50:13.528 [main] INFO  com.alibaba.nacos.client.naming:83 - [LISTENER] adding SISYPHUS@@sisyphus-demo-dubbo-consumer with DEFAULT to listener map
2021-06-14 16:50:13.544 [main] INFO  c.s.d.d.c.SisyphusDemoDubboConsumerApplicationTests:61 - Started SisyphusDemoDubboConsumerApplicationTests in 49.309 seconds (JVM running for 50.593)
2021-06-14 16:50:13.577 [main] INFO  com.alibaba.nacos.client.config.impl.ClientWorker:262 - [fixed-localhost_8848] [subscribe] sisyphus-demo-dubbo-consumer-dev.yml+SISYPHUS
2021-06-14 16:50:13.578 [main] INFO  com.alibaba.nacos.client.config.impl.CacheData:93 - [fixed-localhost_8848] [add-listener] ok, tenant=, dataId=sisyphus-demo-dubbo-consumer-dev.yml, group=SISYPHUS, cnt=1
2021-06-14 16:50:13.578 [main] INFO  com.alibaba.nacos.client.config.impl.ClientWorker:262 - [fixed-localhost_8848] [subscribe] sisyphus-demo-dubbo-consumer+SISYPHUS
2021-06-14 16:50:13.579 [main] INFO  com.alibaba.nacos.client.config.impl.CacheData:93 - [fixed-localhost_8848] [add-listener] ok, tenant=, dataId=sisyphus-demo-dubbo-consumer, group=SISYPHUS, cnt=1
2021-06-14 16:50:13.579 [main] INFO  com.alibaba.nacos.client.config.impl.ClientWorker:262 - [fixed-localhost_8848] [subscribe] sisyphus-demo-dubbo-consumer.yml+SISYPHUS
2021-06-14 16:50:13.579 [main] INFO  com.alibaba.nacos.client.config.impl.CacheData:93 - [fixed-localhost_8848] [add-listener] ok, tenant=, dataId=sisyphus-demo-dubbo-consumer.yml, group=SISYPHUS, cnt=1
2021-06-14 16:50:13.881 [ZkClient-EventThread-373-127.0.0.1:2181] INFO  org.I0Itec.zkclient.ZkEventThread:83 - Terminate ZkClient event thread.
2021-06-14 16:50:13.882 [SpringContextShutdownHook] INFO  o.s.scheduling.concurrent.ThreadPoolTaskScheduler:218 - Shutting down ExecutorService 'Nacos-Watch-Task-Scheduler'
2021-06-14 16:50:13.883 [SpringContextShutdownHook] INFO  com.alibaba.nacos.client.naming:104 - [LISTENER] removing SISYPHUS@@sisyphus-demo-dubbo-consumer with DEFAULT from listener map
2021-06-14 16:50:13.885 [SpringContextShutdownHook] INFO  com.alibaba.nacos.client.naming:147 - com.alibaba.nacos.client.naming.beat.BeatReactor do shutdown begin
2021-06-14 16:50:13.886 [SpringContextShutdownHook] INFO  com.alibaba.nacos.client.naming:149 - com.alibaba.nacos.client.naming.beat.BeatReactor do shutdown stop
2021-06-14 16:50:13.886 [SpringContextShutdownHook] INFO  com.alibaba.nacos.client.naming:149 - com.alibaba.nacos.client.naming.core.EventDispatcher do shutdown begin
2021-06-14 16:50:13.889 [DubboZkclientConnector-EventThread] INFO  org.apache.zookeeper.ClientCnxn:519 - EventThread shut down for session: 0x10007e28baf0001
2021-06-14 16:50:13.889 [DubboShutdownHook] INFO  org.apache.zookeeper.ZooKeeper:684 - Session: 0x10007e28baf0001 closed
2021-06-14 16:50:14.003 [com.alibaba.nacos.naming.push.receiver] INFO  com.alibaba.nacos.client.naming:86 - received push data: {"type":"dom","data":"{\"name\":\"SISYPHUS@@sisyphus-demo-dubbo-consumer\",\"clusters\":\"DEFAULT\",\"cacheMillis\":10000,\"hosts\":[],\"lastRefTime\":1623660614033,\"checksum\":\"\",\"allIPs\":false,\"reachProtectionThreshold\":false,\"valid\":true}","lastRefTime":398351727037514} from /192.168.3.81
2021-06-14 16:50:15.106 [com.alibaba.nacos.naming.push.receiver] INFO  com.alibaba.nacos.client.naming:86 - received push data: {"type":"dom","data":"{\"name\":\"SISYPHUS@@sisyphus-demo-dubbo-consumer\",\"clusters\":\"DEFAULT\",\"cacheMillis\":10000,\"hosts\":[],\"lastRefTime\":1623660615139,\"checksum\":\"\",\"allIPs\":false,\"reachProtectionThreshold\":false,\"valid\":true}","lastRefTime":398352832053214} from /192.168.3.81
2021-06-14 16:50:16.901 [SpringContextShutdownHook] INFO  com.alibaba.nacos.client.naming:152 - com.alibaba.nacos.client.naming.core.EventDispatcher do shutdown stop
2021-06-14 16:50:16.902 [SpringContextShutdownHook] INFO  com.alibaba.nacos.client.naming:370 - com.alibaba.nacos.client.naming.core.HostReactor do shutdown begin
2021-06-14 16:50:17.114 [com.alibaba.nacos.naming.push.receiver] INFO  com.alibaba.nacos.client.naming:86 - received push data: {"type":"dom","data":"{\"name\":\"SISYPHUS@@sisyphus-demo-dubbo-consumer\",\"clusters\":\"DEFAULT\",\"cacheMillis\":10000,\"hosts\":[],\"lastRefTime\":1623660617115,\"checksum\":\"\",\"allIPs\":false,\"reachProtectionThreshold\":false,\"valid\":true}","lastRefTime":398354842496514} from /192.168.3.81
2021-06-14 16:50:19.911 [SpringContextShutdownHook] INFO  com.alibaba.nacos.client.naming:118 - com.alibaba.nacos.client.naming.core.PushReceiver do shutdown begin
2021-06-14 16:50:22.919 [SpringContextShutdownHook] INFO  com.alibaba.nacos.client.naming:122 - com.alibaba.nacos.client.naming.core.PushReceiver do shutdown stop
2021-06-14 16:50:22.920 [SpringContextShutdownHook] INFO  com.alibaba.nacos.client.naming:132 - com.alibaba.nacos.client.naming.backups.FailoverReactor do shutdown begin
2021-06-14 16:50:22.920 [SpringContextShutdownHook] INFO  com.alibaba.nacos.client.naming:134 - com.alibaba.nacos.client.naming.backups.FailoverReactor do shutdown stop
2021-06-14 16:50:22.921 [SpringContextShutdownHook] INFO  com.alibaba.nacos.client.naming:374 - com.alibaba.nacos.client.naming.core.HostReactor do shutdown stop
2021-06-14 16:50:22.921 [SpringContextShutdownHook] INFO  com.alibaba.nacos.client.naming:715 - com.alibaba.nacos.client.naming.net.NamingProxy do shutdown begin
2021-06-14 16:50:22.921 [SpringContextShutdownHook] WARN  com.alibaba.nacos.client.naming:72 - [NamingHttpClientManager] Start destroying NacosRestTemplate
2021-06-14 16:50:22.922 [SpringContextShutdownHook] WARN  com.alibaba.nacos.client.naming:79 - [NamingHttpClientManager] Destruction of the end
2021-06-14 16:50:22.922 [com.alibaba.nacos.naming.push.receiver] ERROR com.alibaba.nacos.client.naming:110 - [NA] error while receiving push data
java.net.SocketException: Socket closed
	at java.net.PlainDatagramSocketImpl.receive0(Native Method)
	at java.net.AbstractPlainDatagramSocketImpl.receive(AbstractPlainDatagramSocketImpl.java:149)
	at java.net.DatagramSocket.receive(DatagramSocket.java:812)
	at com.alibaba.nacos.client.naming.core.PushReceiver.run(PushReceiver.java:83)
	at java.util.concurrent.Executors$RunnableAdapter.call(Executors.java:511)
	at java.util.concurrent.FutureTask.run(FutureTask.java:266)
	at java.util.concurrent.ScheduledThreadPoolExecutor$ScheduledFutureTask.access$201(ScheduledThreadPoolExecutor.java:180)
	at java.util.concurrent.ScheduledThreadPoolExecutor$ScheduledFutureTask.run(ScheduledThreadPoolExecutor.java:293)
	at java.util.concurrent.ThreadPoolExecutor.runWorker(ThreadPoolExecutor.java:1149)
	at java.util.concurrent.ThreadPoolExecutor$Worker.run(ThreadPoolExecutor.java:624)
	at java.lang.Thread.run(Thread.java:748)
2021-06-14 16:50:22.922 [SpringContextShutdownHook] INFO  com.alibaba.nacos.client.naming:718 - com.alibaba.nacos.client.naming.net.NamingProxy do shutdown stop
2021-06-14 16:50:22.923 [SpringContextShutdownHook] INFO  o.s.scheduling.concurrent.ThreadPoolTaskExecutor:218 - Shutting down ExecutorService 'applicationTaskExecutor'
